build/app/intermediates/manifest_merge_blame_file/release/manifest-merger-blame-release-report.txt
1<?xml version="1.0" encoding="utf-8"?>
2<manifest xmlns:android="http://schemas.android.com/apk/res/android"
3    package="com.muliatech.smartqueue"
4    android:versionCode="1"
5    android:versionName="1.0.0" >
6
7    <uses-sdk
8        android:minSdkVersion="21"
8-->src\main\AndroidManifest.xml
9        android:targetSdkVersion="31" />
9-->src\main\AndroidManifest.xml
10    <!--
11         io.flutter.app.FlutterApplication is an android.app.Application that
12         calls FlutterMain.startInitialization(this); in its onCreate method.
13         In most cases you can leave this as-is, but you if you want to provide
14         additional functionality it is fine to subclass or reimplement
15         FlutterApplication and put your custom class here.
16    -->
17    <uses-permission android:name="android.permission.INTERNET" />
17-->src\main\AndroidManifest.xml:8:5-67
17-->src\main\AndroidManifest.xml:8:22-64
18    <uses-permission android:name="android.permission.CAMERA" />
18-->[:barcode_scan2] AndroidManifest.xml:9:5-65
18-->[:barcode_scan2] AndroidManifest.xml:9:22-62
19    <uses-permission android:name="android.permission.VIBRATE" />
19-->[:flutter_local_notifications] AndroidManifest.xml:9:5-66
19-->[:flutter_local_notifications] AndroidManifest.xml:9:22-63
20    <uses-permission android:name="android.permission.POST_NOTIFICATIONS" />
20-->[:flutter_local_notifications] AndroidManifest.xml:10:5-77
20-->[:flutter_local_notifications] AndroidManifest.xml:10:22-74
21
22    <permission
22-->[androidx.core:core:1.10.1] AndroidManifest.xml:22:5-24:47
23        android:name="com.muliatech.smartqueue.DYNAMIC_RECEIVER_NOT_EXPORTED_PERMISSION"
23-->[androidx.core:core:1.10.1] AndroidManifest.xml:23:9-81
24        android:protectionLevel="signature" />
24-->[androidx.core:core:1.10.1] AndroidManifest.xml:24:9-44
25
26    <uses-permission android:name="com.muliatech.smartqueue.DYNAMIC_RECEIVER_NOT_EXPORTED_PERMISSION" />
26-->[androidx.core:core:1.10.1] AndroidManifest.xml:26:5-97
26-->[androidx.core:core:1.10.1] AndroidManifest.xml:26:22-94
27
28    <application
28-->src\main\AndroidManifest.xml:10:5-53:19
29        android:appComponentFactory="androidx.core.app.CoreComponentFactory"
29-->[androidx.core:core:1.10.1] AndroidManifest.xml:28:18-86
30        android:icon="@mipmap/launcher_icon"
30-->src\main\AndroidManifest.xml:12:9-45
31        android:label="Guichet Bi" >
31-->src\main\AndroidManifest.xml:11:9-35
32        <meta-data
32-->src\main\AndroidManifest.xml:14:10-16:32
33            android:name="io.flutter.embedding.android.EnableHybridComposition"
33-->src\main\AndroidManifest.xml:15:9-76
34            android:value="true" />
34-->src\main\AndroidManifest.xml:16:9-29
35
36        <activity
36-->src\main\AndroidManifest.xml:18:9-47:20
37            android:name="com.muliatech.smartqueue.MainActivity"
37-->src\main\AndroidManifest.xml:19:13-41
38            android:configChanges="orientation|keyboardHidden|keyboard|screenSize|smallestScreenSize|locale|layoutDirection|fontScale|screenLayout|density|uiMode"
38-->src\main\AndroidManifest.xml:22:13-163
39            android:exported="true"
39-->src\main\AndroidManifest.xml:25:13-36
40            android:hardwareAccelerated="true"
40-->src\main\AndroidManifest.xml:23:13-47
41            android:launchMode="singleTop"
41-->src\main\AndroidManifest.xml:20:13-43
42            android:theme="@style/LaunchTheme"
42-->src\main\AndroidManifest.xml:21:13-47
43            android:windowSoftInputMode="adjustResize" >
43-->src\main\AndroidManifest.xml:24:13-55
44
45            <!--
46                 Specifies an Android theme to apply to this Activity as soon as
47                 the Android process has started. This theme is visible to the user
48                 while the Flutter UI initializes. After that, this theme continues
49                 to determine the Window background behind the Flutter UI.
50            -->
51            <meta-data
51-->src\main\AndroidManifest.xml:30:13-33:17
52                android:name="io.flutter.embedding.android.NormalTheme"
52-->src\main\AndroidManifest.xml:31:15-70
53                android:resource="@style/NormalTheme" />
53-->src\main\AndroidManifest.xml:32:15-52
54            <!--
55                 Displays an Android View that continues showing the launch screen
56                 Drawable until Flutter paints its first frame, then this splash
57                 screen fades out. A splash screen is useful to avoid any visual
58                 gap between the end of Android's launch screen and the painting of
59                 Flutter's first frame.
60            -->
61            <meta-data
61-->src\main\AndroidManifest.xml:39:13-42:17
62                android:name="io.flutter.embedding.android.SplashScreenDrawable"
62-->src\main\AndroidManifest.xml:40:15-79
63                android:resource="@drawable/launch_background" />
63-->src\main\AndroidManifest.xml:41:15-61
64
65            <intent-filter>
65-->src\main\AndroidManifest.xml:43:13-46:29
66                <action android:name="android.intent.action.MAIN" />
66-->src\main\AndroidManifest.xml:44:17-68
66-->src\main\AndroidManifest.xml:44:25-66
67
68                <category android:name="android.intent.category.LAUNCHER" />
68-->src\main\AndroidManifest.xml:45:17-76
68-->src\main\AndroidManifest.xml:45:27-74
69            </intent-filter>
70        </activity>
71        <!--
72             Don't delete the meta-data below.
73             This is used by the Flutter tool to generate GeneratedPluginRegistrant.java
74        -->
75        <meta-data
75-->src\main\AndroidManifest.xml:50:9-52:33
76            android:name="flutterEmbedding"
76-->src\main\AndroidManifest.xml:51:13-44
77            android:value="2" />
77-->src\main\AndroidManifest.xml:52:13-30
78
79        <activity android:name="de.mintware.barcode_scan.BarcodeScannerActivity" />
79-->[:barcode_scan2] AndroidManifest.xml:12:9-84
79-->[:barcode_scan2] AndroidManifest.xml:12:19-81
80        <activity
80-->[:url_launcher_android] AndroidManifest.xml:10:9-13:74
81            android:name="io.flutter.plugins.urllauncher.WebViewActivity"
81-->[:url_launcher_android] AndroidManifest.xml:11:13-74
82            android:exported="false"
82-->[:url_launcher_android] AndroidManifest.xml:12:13-37
83            android:theme="@android:style/Theme.NoTitleBar.Fullscreen" />
83-->[:url_launcher_android] AndroidManifest.xml:13:13-71
84
85        <uses-library
85-->[androidx.window:window:1.0.0-beta04] AndroidManifest.xml:25:9-27:40
86            android:name="androidx.window.extensions"
86-->[androidx.window:window:1.0.0-beta04] AndroidManifest.xml:26:13-54
87            android:required="false" />
87-->[androidx.window:window:1.0.0-beta04] AndroidManifest.xml:27:13-37
88        <uses-library
88-->[androidx.window:window:1.0.0-beta04] AndroidManifest.xml:28:9-30:40
89            android:name="androidx.window.sidecar"
89-->[androidx.window:window:1.0.0-beta04] AndroidManifest.xml:29:13-51
90            android:required="false" />
90-->[androidx.window:window:1.0.0-beta04] AndroidManifest.xml:30:13-37
91    </application>
92
93</manifest>